
Showing logs for build [32mcb-kubecd-environment-pr-208-42-d5zx6-1[0m stage [32mfrom-build-pack[0m and container [32mstep-credential-initializer-p85bw[0m
{"level":"info","ts":1587688872.4059427,"logger":"fallback-logger","caller":"logging/config.go:69","msg":"Fetch GitHub commit ID from kodata failed: open /var/run/ko/refs/heads/0.8.0-ns-support: no such file or directory"}
{"level":"info","ts":1587688872.4094355,"logger":"fallback-logger","caller":"creds-init/main.go:40","msg":"Credentials initialized."}

Showing logs for build [32mcb-kubecd-environment-pr-208-42-d5zx6-1[0m stage [32mfrom-build-pack[0m and container [32mstep-working-dir-initializer-7h5cj[0m
{"level":"info","ts":1587688873.3615515,"logger":"fallback-logger","caller":"logging/config.go:69","msg":"Fetch GitHub commit ID from kodata failed: open /var/run/ko/HEAD: no such file or directory"}
{"level":"info","ts":1587688873.3633966,"logger":"fallback-logger","caller":"bash/main.go:64","msg":"Successfully executed command \"sh -c mkdir -p /workspace/source\"; output "}

Showing logs for build [32mcb-kubecd-environment-pr-208-42-d5zx6-1[0m stage [32mfrom-build-pack[0m and container [32mstep-place-tools[0m

Showing logs for build [32mcb-kubecd-environment-pr-208-42-d5zx6-1[0m stage [32mfrom-build-pack[0m and container [32mstep-git-source-cb-kubecd-environment-pr-208-42-d5zx6-nzswk[0m
{"level":"info","ts":1587688879.4916954,"logger":"fallback-logger","caller":"logging/config.go:69","msg":"Fetch GitHub commit ID from kodata failed: open /var/run/ko/refs/heads/0.8.0-ns-support: no such file or directory"}
{"level":"info","ts":1587688880.579519,"logger":"fallback-logger","caller":"git/git.go:103","msg":"Successfully cloned https://github.com/cb-kubecd/environment-pr-208-42-boot-vault-gke-staging.git @ master in path /workspace/source"}

Showing logs for build [32mcb-kubecd-environment-pr-208-42-d5zx6-1[0m stage [32mfrom-build-pack[0m and container [32mstep-git-merge[0m
Using SHAs from PULL_REFS=master:093d0a07e3bb6e03e24004fb720c0a71d26be10a,1:c33e741b05161aaa202616b937408a3e17043ddb
DEBUG: LC_ALL=C JX_LOG_LEVEL=error git fetch origin --unshallow c33e741b05161aaa202616b937408a3e17043ddb: 093d0a07e3bb6e03e24004fb720c0a71d26be10a:
DEBUG: ran git fetch --unshallow origin c33e741b05161aaa202616b937408a3e17043ddb: 093d0a07e3bb6e03e24004fb720c0a71d26be10a: in 
DEBUG: LC_ALL=C JX_LOG_LEVEL=error git branch
DEBUG: LC_ALL=C JX_LOG_LEVEL=error git checkout master
DEBUG: ran git checkout master in 
DEBUG: LC_ALL=C JX_LOG_LEVEL=error git reset --hard 093d0a07e3bb6e03e24004fb720c0a71d26be10a
DEBUG: ran git reset --hard 093d0a07e3bb6e03e24004fb720c0a71d26be10a in 
DEBUG: LC_ALL=C JX_LOG_LEVEL=error git clean -fd .
DEBUG: ran clean --force -d . in 
DEBUG: LC_ALL=C JX_LOG_LEVEL=error git merge c33e741b05161aaa202616b937408a3e17043ddb
DEBUG: ran git merge c33e741b05161aaa202616b937408a3e17043ddb in 
DEBUG: LC_ALL=C JX_LOG_LEVEL=error git log --format=%H%x1f%an%x1f%ae%x1f%cn%x1f%ce%x1f%s%n%b%x1e 093d0a07e3bb6e03e24004fb720c0a71d26be10a..HEAD
Merged SHA c33e741b05161aaa202616b937408a3e17043ddb with commit message 'chore: Promote bdd-spring-1587688490 to version 0.0.1' into base branch master

Showing logs for build [32mcb-kubecd-environment-pr-208-42-d5zx6-1[0m stage [32mfrom-build-pack[0m and container [32mstep-build-helm-build[0m
WARNING: No $CHART_REPOSITORY defined so using the default value of: http://jenkins-x-chartmuseum:8080
Adding missing Helm repo: storage.googleapis.com https://storage.googleapis.com/chartmuseum.jenkins-x.io
WARNING: No secrets found on "helm/repos" due: reading the secret "helm/repos" from vault: no secret "helm/repos" not found in vault
Read credentials for https://storage.googleapis.com/chartmuseum.jenkins-x.io from vault helm/repos
Successfully added Helm repository storage.googleapis.com.
Adding missing Helm repo: jenkins-x-chartmuseum http://jenkins-x-chartmuseum:8080
WARNING: No secrets found on "helm/repos" due: reading the secret "helm/repos" from vault: no secret "helm/repos" not found in vault
Read credentials for http://jenkins-x-chartmuseum:8080 from vault helm/repos
Successfully added Helm repository jenkins-x-chartmuseum.
WARNING: No $CHART_REPOSITORY defined so using the default value of: http://jenkins-x-chartmuseum:8080
Adding missing Helm repo: chartmuseum.jenkins-x.io http://chartmuseum.jenkins-x.io
WARNING: No secrets found on "helm/repos" due: reading the secret "helm/repos" from vault: no secret "helm/repos" not found in vault
Read credentials for http://chartmuseum.jenkins-x.io from vault helm/repos
Successfully added Helm repository chartmuseum.jenkins-x.io.
