
Showing logs for build [32mcb-kubecd-environment-pr-208-42-j9p8b-1[0m stage [32mfrom-build-pack[0m and container [32mstep-credential-initializer-5f4gv[0m
{"level":"info","ts":1587690794.3521934,"logger":"fallback-logger","caller":"logging/config.go:69","msg":"Fetch GitHub commit ID from kodata failed: open /var/run/ko/refs/heads/0.8.0-ns-support: no such file or directory"}
{"level":"info","ts":1587690794.3536956,"logger":"fallback-logger","caller":"creds-init/main.go:40","msg":"Credentials initialized."}

Showing logs for build [32mcb-kubecd-environment-pr-208-42-j9p8b-1[0m stage [32mfrom-build-pack[0m and container [32mstep-working-dir-initializer-mfw78[0m
{"level":"info","ts":1587690795.969572,"logger":"fallback-logger","caller":"logging/config.go:69","msg":"Fetch GitHub commit ID from kodata failed: open /var/run/ko/HEAD: no such file or directory"}
{"level":"info","ts":1587690795.9712117,"logger":"fallback-logger","caller":"bash/main.go:64","msg":"Successfully executed command \"sh -c mkdir -p /workspace/source\"; output "}

Showing logs for build [32mcb-kubecd-environment-pr-208-42-j9p8b-1[0m stage [32mfrom-build-pack[0m and container [32mstep-place-tools[0m

Showing logs for build [32mcb-kubecd-environment-pr-208-42-j9p8b-1[0m stage [32mfrom-build-pack[0m and container [32mstep-git-source-cb-kubecd-environment-pr-208-42-j9p8b-x9tnx[0m
{"level":"info","ts":1587690801.089413,"logger":"fallback-logger","caller":"logging/config.go:69","msg":"Fetch GitHub commit ID from kodata failed: open /var/run/ko/refs/heads/0.8.0-ns-support: no such file or directory"}
{"level":"info","ts":1587690802.3448439,"logger":"fallback-logger","caller":"git/git.go:103","msg":"Successfully cloned https://github.com/cb-kubecd/environment-pr-208-42-boot-vault-gke-staging.git @ master in path /workspace/source"}

Showing logs for build [32mcb-kubecd-environment-pr-208-42-j9p8b-1[0m stage [32mfrom-build-pack[0m and container [32mstep-git-merge[0m
Using SHAs from PULL_REFS=master:7c63f195abee8728008cdfd45a474edb0c32b6be,2:f5f6bd43a4808b1a374f03d36119143a337d29b4
DEBUG: LC_ALL=C JX_LOG_LEVEL=error git fetch origin --unshallow f5f6bd43a4808b1a374f03d36119143a337d29b4: 7c63f195abee8728008cdfd45a474edb0c32b6be:
DEBUG: ran git fetch --unshallow origin f5f6bd43a4808b1a374f03d36119143a337d29b4: 7c63f195abee8728008cdfd45a474edb0c32b6be: in 
DEBUG: LC_ALL=C JX_LOG_LEVEL=error git branch
DEBUG: LC_ALL=C JX_LOG_LEVEL=error git checkout master
DEBUG: ran git checkout master in 
DEBUG: LC_ALL=C JX_LOG_LEVEL=error git reset --hard 7c63f195abee8728008cdfd45a474edb0c32b6be
DEBUG: ran git reset --hard 7c63f195abee8728008cdfd45a474edb0c32b6be in 
DEBUG: LC_ALL=C JX_LOG_LEVEL=error git clean -fd .
DEBUG: ran clean --force -d . in 
DEBUG: LC_ALL=C JX_LOG_LEVEL=error git merge f5f6bd43a4808b1a374f03d36119143a337d29b4
DEBUG: ran git merge f5f6bd43a4808b1a374f03d36119143a337d29b4 in 
DEBUG: LC_ALL=C JX_LOG_LEVEL=error git log --format=%H%x1f%an%x1f%ae%x1f%cn%x1f%ce%x1f%s%n%b%x1e 7c63f195abee8728008cdfd45a474edb0c32b6be..HEAD
Merged SHA f5f6bd43a4808b1a374f03d36119143a337d29b4 with commit message 'chore: Promote bdd-gh-1587690490 to version 0.0.1' into base branch master

Showing logs for build [32mcb-kubecd-environment-pr-208-42-j9p8b-1[0m stage [32mfrom-build-pack[0m and container [32mstep-build-helm-build[0m
WARNING: No $CHART_REPOSITORY defined so using the default value of: http://jenkins-x-chartmuseum:8080
Adding missing Helm repo: storage.googleapis.com https://storage.googleapis.com/chartmuseum.jenkins-x.io
WARNING: No secrets found on "helm/repos" due: reading the secret "helm/repos" from vault: no secret "helm/repos" not found in vault
Read credentials for https://storage.googleapis.com/chartmuseum.jenkins-x.io from vault helm/repos
Successfully added Helm repository storage.googleapis.com.
Adding missing Helm repo: jenkins-x-chartmuseum http://jenkins-x-chartmuseum:8080
WARNING: No secrets found on "helm/repos" due: reading the secret "helm/repos" from vault: no secret "helm/repos" not found in vault
Read credentials for http://jenkins-x-chartmuseum:8080 from vault helm/repos
Successfully added Helm repository jenkins-x-chartmuseum.
WARNING: No $CHART_REPOSITORY defined so using the default value of: http://jenkins-x-chartmuseum:8080
Adding missing Helm repo: chartmuseum.jenkins-x.io http://chartmuseum.jenkins-x.io
WARNING: No secrets found on "helm/repos" due: reading the secret "helm/repos" from vault: no secret "helm/repos" not found in vault
Read credentials for http://chartmuseum.jenkins-x.io from vault helm/repos
Successfully added Helm repository chartmuseum.jenkins-x.io.
